[2026-01-14 14:16:30] TRIP_STARTED - Trip ID: 1, Driver: David Williams, Car ID: 2, Order: OVERSIZED -> San Antonio, Weight: 3179.68 kg, Status: IN_PROGRESS
[2026-01-14 17:15:55] TRIP_STARTED - Trip ID: 1, Driver: David Williams, Car ID: 5, Order: STANDARD -> Chicago, Weight: 3535.05 kg, Status: IN_PROGRESS
[2026-01-14 17:16:05] TRIP_COMPLETED - Trip ID: 1, Driver: David Williams, Car ID: 5, Order: STANDARD -> Chicago, Weight: 3535.05 kg, Status: COMPLETED
  Payment: 353505.34, Car Status: OK
[2026-01-14 17:19:24] TRIP_STARTED - Trip ID: 1, Driver: David Williams, Car ID: 3, Order: HAZARDOUS -> Phoenix, Weight: 4657.74 kg, Status: IN_PROGRESS
[2026-01-14 17:19:29] TRIP_COMPLETED - Trip ID: 1, Driver: David Williams, Car ID: 3, Order: HAZARDOUS -> Phoenix, Weight: 4657.74 kg, Status: COMPLETED
  Payment: 931548.29, Car Status: OK
[2026-01-14 17:19:45] TRIP_STARTED - Trip ID: 2, Driver: David Williams, Car ID: 2, Order: STANDARD -> San Antonio, Weight: 3137.90 kg, Status: IN_PROGRESS
[2026-01-14 17:19:50] TRIP_COMPLETED - Trip ID: 2, Driver: David Williams, Car ID: 2, Order: STANDARD -> San Antonio, Weight: 3137.90 kg, Status: COMPLETED
  Payment: 313790.18, Car Status: OK
[2026-01-14 17:56:05] REPAIR_REQUESTED - Trip ID: 1, Driver: John Smith, Car ID: 1, Order: STANDARD -> New York, Weight: 1000.00 kg, Status: REPAIR_REQUESTED
[2026-01-14 17:56:05] TRIP_COMPLETED - Trip ID: 1, Driver: John Smith, Car ID: 1, Order: STANDARD -> New York, Weight: 1000.00 kg, Status: COMPLETED
  Payment: 100000.00, Car Status: OK
[2026-01-14 17:56:06] TRIP_STARTED - Trip ID: null, Driver: Senior Driver, Car ID: 1, Order: HAZARDOUS -> Los Angeles, Weight: 1000.00 kg, Status: IN_PROGRESS
[2026-01-14 17:56:06] BREAKDOWN - Trip ID: 1, Driver: John Smith, Car ID: 1, Order: STANDARD -> New York, Weight: 1000.00 kg, Status: BROKEN
[2026-01-14 17:56:06] TRIP_STARTED - Trip ID: null, Driver: John Smith, Car ID: 1, Order: STANDARD -> New York, Weight: 1000.00 kg, Status: IN_PROGRESS
[2026-01-14 18:07:08] REPAIR_REQUESTED - Trip ID: 1, Driver: John Smith, Car ID: 1, Order: STANDARD -> New York, Weight: 1000.00 kg, Status: REPAIR_REQUESTED
[2026-01-14 18:07:09] TRIP_COMPLETED - Trip ID: 1, Driver: John Smith, Car ID: 1, Order: STANDARD -> New York, Weight: 1000.00 kg, Status: COMPLETED
  Payment: 100000.00, Car Status: OK
[2026-01-14 18:07:09] TRIP_STARTED - Trip ID: null, Driver: Senior Driver, Car ID: 1, Order: HAZARDOUS -> Los Angeles, Weight: 1000.00 kg, Status: IN_PROGRESS
[2026-01-14 18:07:09] BREAKDOWN - Trip ID: 1, Driver: John Smith, Car ID: 1, Order: STANDARD -> New York, Weight: 1000.00 kg, Status: BROKEN
[2026-01-14 18:07:09] TRIP_STARTED - Trip ID: null, Driver: John Smith, Car ID: 1, Order: STANDARD -> New York, Weight: 1000.00 kg, Status: IN_PROGRESS
[2026-01-14 18:10:13] REPAIR_REQUESTED - Trip ID: 1, Driver: John Smith, Car ID: 1, Order: STANDARD -> New York, Weight: 1000.00 kg, Status: REPAIR_REQUESTED
[2026-01-14 18:10:13] TRIP_COMPLETED - Trip ID: 1, Driver: John Smith, Car ID: 1, Order: STANDARD -> New York, Weight: 1000.00 kg, Status: COMPLETED
  Payment: 100000.00, Car Status: OK
[2026-01-14 18:10:13] TRIP_STARTED - Trip ID: null, Driver: Senior Driver, Car ID: 1, Order: HAZARDOUS -> Los Angeles, Weight: 1000.00 kg, Status: IN_PROGRESS
[2026-01-14 18:10:13] BREAKDOWN - Trip ID: 1, Driver: John Smith, Car ID: 1, Order: STANDARD -> New York, Weight: 1000.00 kg, Status: BROKEN
[2026-01-14 18:10:13] TRIP_STARTED - Trip ID: null, Driver: John Smith, Car ID: 1, Order: STANDARD -> New York, Weight: 1000.00 kg, Status: IN_PROGRESS
[2026-01-14 18:14:38] REPAIR_REQUESTED - Trip ID: 1, Driver: John Smith, Car ID: 1, Order: STANDARD -> New York, Weight: 1000.00 kg, Status: REPAIR_REQUESTED
[2026-01-14 18:14:38] TRIP_COMPLETED - Trip ID: 1, Driver: John Smith, Car ID: 1, Order: STANDARD -> New York, Weight: 1000.00 kg, Status: COMPLETED
  Payment: 100000.00, Car Status: OK
[2026-01-14 18:14:38] TRIP_STARTED - Trip ID: null, Driver: Senior Driver, Car ID: 1, Order: HAZARDOUS -> Los Angeles, Weight: 1000.00 kg, Status: IN_PROGRESS
[2026-01-14 18:14:38] BREAKDOWN - Trip ID: 1, Driver: John Smith, Car ID: 1, Order: STANDARD -> New York, Weight: 1000.00 kg, Status: BROKEN
[2026-01-14 18:14:38] TRIP_STARTED - Trip ID: null, Driver: John Smith, Car ID: 1, Order: STANDARD -> New York, Weight: 1000.00 kg, Status: IN_PROGRESS
[2026-01-14 18:17:20] REPAIR_REQUESTED - Trip ID: 1, Driver: John Smith, Car ID: 1, Order: STANDARD -> New York, Weight: 1000.00 kg, Status: REPAIR_REQUESTED
[2026-01-14 18:17:20] TRIP_COMPLETED - Trip ID: 1, Driver: John Smith, Car ID: 1, Order: STANDARD -> New York, Weight: 1000.00 kg, Status: COMPLETED
  Payment: 100000.00, Car Status: OK
[2026-01-14 18:17:20] TRIP_STARTED - Trip ID: null, Driver: Senior Driver, Car ID: 1, Order: HAZARDOUS -> Los Angeles, Weight: 1000.00 kg, Status: IN_PROGRESS
[2026-01-14 18:17:20] BREAKDOWN - Trip ID: 1, Driver: John Smith, Car ID: 1, Order: STANDARD -> New York, Weight: 1000.00 kg, Status: BROKEN
[2026-01-14 18:17:20] TRIP_STARTED - Trip ID: null, Driver: John Smith, Car ID: 1, Order: STANDARD -> New York, Weight: 1000.00 kg, Status: IN_PROGRESS
[2026-01-14 18:21:43] REPAIR_REQUESTED - Trip ID: 1, Driver: John Smith, Car ID: 1, Order: STANDARD -> New York, Weight: 1000.00 kg, Status: REPAIR_REQUESTED
[2026-01-14 18:21:43] TRIP_COMPLETED - Trip ID: 1, Driver: John Smith, Car ID: 1, Order: STANDARD -> New York, Weight: 1000.00 kg, Status: COMPLETED
  Payment: 100000.00, Car Status: OK
[2026-01-14 18:21:43] TRIP_STARTED - Trip ID: null, Driver: Senior Driver, Car ID: 1, Order: HAZARDOUS -> Los Angeles, Weight: 1000.00 kg, Status: IN_PROGRESS
[2026-01-14 18:21:44] BREAKDOWN - Trip ID: 1, Driver: John Smith, Car ID: 1, Order: STANDARD -> New York, Weight: 1000.00 kg, Status: BROKEN
[2026-01-14 18:21:44] TRIP_STARTED - Trip ID: null, Driver: John Smith, Car ID: 1, Order: STANDARD -> New York, Weight: 1000.00 kg, Status: IN_PROGRESS
[2026-01-16 09:35:38] TRIP_STARTED - Trip ID: 1, Driver: David Williams, Car ID: 4, Order: STANDARD -> Philadelphia, Weight: 1227.25 kg, Status: IN_PROGRESS
[2026-01-16 09:35:41] TRIP_COMPLETED - Trip ID: 1, Driver: David Williams, Car ID: 4, Order: STANDARD -> Philadelphia, Weight: 1227.25 kg, Status: COMPLETED
  Payment: 122725.44, Car Status: OK
[2026-01-16 09:35:46] TRIP_STARTED - Trip ID: 2, Driver: David Williams, Car ID: 3, Order: OVERSIZED -> New York, Weight: 4483.64 kg, Status: IN_PROGRESS
[2026-01-16 09:36:05] BREAKDOWN - Trip ID: 2, Driver: David Williams, Car ID: 3, Order: OVERSIZED -> New York, Weight: 4483.64 kg, Status: BROKEN
[2026-01-16 09:36:16] REPAIR_REQUESTED - Trip ID: 2, Driver: David Williams, Car ID: 3, Order: OVERSIZED -> New York, Weight: 4483.64 kg, Status: REPAIR_REQUESTED
[2026-01-16 12:37:57] TRIP_STARTED - Trip ID: 1, Driver: David Williams, Car ID: 2, Order: HAZARDOUS -> Phoenix, Weight: 2179.71 kg, Status: IN_PROGRESS
[2026-01-16 12:38:00] TRIP_STARTED - Trip ID: 2, Driver: John Smith, Car ID: 1, Order: FRAGILE -> Houston, Weight: 1634.21 kg, Status: IN_PROGRESS
[2026-01-16 12:38:03] TRIP_COMPLETED - Trip ID: 1, Driver: David Williams, Car ID: 2, Order: HAZARDOUS -> Phoenix, Weight: 2179.71 kg, Status: COMPLETED
  Payment: 435942.28, Car Status: OK
[2026-01-16 12:38:04] TRIP_COMPLETED - Trip ID: 2, Driver: John Smith, Car ID: 1, Order: FRAGILE -> Houston, Weight: 1634.21 kg, Status: COMPLETED
  Payment: 245132.08, Car Status: OK
[2026-01-16 12:53:22] TRIP_STARTED - Trip ID: 1, Driver: David Williams, Car ID: 2, Order: FRAGILE -> New York, Weight: 3486.78 kg, Status: IN_PROGRESS
[2026-01-16 12:53:28] TRIP_STARTED - Trip ID: 2, Driver: John Smith, Car ID: 4, Order: STANDARD -> Chicago, Weight: 746.94 kg, Status: IN_PROGRESS
[2026-01-16 12:53:31] TRIP_STARTED - Trip ID: 3, Driver: Michael Johnson, Car ID: 2, Order: OVERSIZED -> New York, Weight: 3075.29 kg, Status: IN_PROGRESS
[2026-01-16 12:53:34] TRIP_COMPLETED - Trip ID: 1, Driver: David Williams, Car ID: 2, Order: FRAGILE -> New York, Weight: 3486.78 kg, Status: COMPLETED
  Payment: 523017.29, Car Status: OK
[2026-01-16 12:53:36] BREAKDOWN - Trip ID: 2, Driver: John Smith, Car ID: 4, Order: STANDARD -> Chicago, Weight: 746.94 kg, Status: BROKEN
[2026-01-16 12:53:38] REPAIR_REQUESTED - Trip ID: 2, Driver: John Smith, Car ID: 4, Order: STANDARD -> Chicago, Weight: 746.94 kg, Status: REPAIR_REQUESTED
[2026-01-16 12:53:40] TRIP_COMPLETED - Trip ID: 3, Driver: Michael Johnson, Car ID: 2, Order: OVERSIZED -> New York, Weight: 3075.29 kg, Status: COMPLETED
  Payment: 399787.82, Car Status: OK
[2026-01-16 13:18:25] TRIP_STARTED - Trip ID: 1, Driver: David Williams, Car ID: 4, Order: FRAGILE -> Philadelphia, Weight: 1013.76 kg, Status: IN_PROGRESS
[2026-01-16 13:18:27] TRIP_STARTED - Trip ID: 2, Driver: John Smith, Car ID: 2, Order: HAZARDOUS -> Philadelphia, Weight: 3106.39 kg, Status: IN_PROGRESS
[2026-01-16 13:21:44] TRIP_STARTED - Trip ID: 3, Driver: Michael Johnson, Car ID: 2, Order: OVERSIZED -> Chicago, Weight: 2753.50 kg, Status: IN_PROGRESS
[2026-01-16 13:21:52] TRIP_STARTED - Trip ID: 4, Driver: James Davis, Car ID: 2, Order: STANDARD -> Los Angeles, Weight: 2451.21 kg, Status: IN_PROGRESS
[2026-01-16 13:22:17] TRIP_COMPLETED - Trip ID: 4, Driver: James Davis, Car ID: 2, Order: STANDARD -> Los Angeles, Weight: 2451.21 kg, Status: COMPLETED
  Payment: 245120.52, Car Status: OK
[2026-01-16 13:22:19] TRIP_COMPLETED - Trip ID: 1, Driver: David Williams, Car ID: 4, Order: FRAGILE -> Philadelphia, Weight: 1013.76 kg, Status: COMPLETED
  Payment: 152063.94, Car Status: OK
[2026-01-16 13:22:22] TRIP_STARTED - Trip ID: 5, Driver: David Williams, Car ID: 1, Order: HAZARDOUS -> Chicago, Weight: 1909.75 kg, Status: IN_PROGRESS
[2026-01-16 13:22:29] TRIP_COMPLETED - Trip ID: 5, Driver: David Williams, Car ID: 1, Order: HAZARDOUS -> Chicago, Weight: 1909.75 kg, Status: COMPLETED
  Payment: 381950.37, Car Status: OK
[2026-01-16 13:22:33] BREAKDOWN - Trip ID: 2, Driver: John Smith, Car ID: 2, Order: HAZARDOUS -> Philadelphia, Weight: 3106.39 kg, Status: BROKEN
[2026-01-16 13:22:36] REPAIR_REQUESTED - Trip ID: 2, Driver: John Smith, Car ID: 2, Order: HAZARDOUS -> Philadelphia, Weight: 3106.39 kg, Status: REPAIR_REQUESTED
[2026-01-16 13:22:38] TRIP_COMPLETED - Trip ID: 3, Driver: Michael Johnson, Car ID: 2, Order: OVERSIZED -> Chicago, Weight: 2753.50 kg, Status: COMPLETED
  Payment: 357955.46, Car Status: OK
[2026-01-16 17:44:32] TRIP_STARTED - Trip ID: 6, Driver: David Williams, Car ID: 3, Order: STANDARD -> Houston, Weight: 4582.90 kg, Status: IN_PROGRESS
[2026-01-16 17:44:39] TRIP_STARTED - Trip ID: 7, Driver: Michael Johnson, Car ID: 3, Order: OVERSIZED -> Los Angeles, Weight: 4060.19 kg, Status: IN_PROGRESS
[2026-01-16 17:44:45] TRIP_COMPLETED - Trip ID: 7, Driver: Michael Johnson, Car ID: 3, Order: OVERSIZED -> Los Angeles, Weight: 4060.19 kg, Status: COMPLETED
  Payment: 527824.61, Car Status: OK
[2026-01-16 17:44:47] TRIP_COMPLETED - Trip ID: 6, Driver: David Williams, Car ID: 3, Order: STANDARD -> Houston, Weight: 4582.90 kg, Status: COMPLETED
  Payment: 458289.84, Car Status: OK
[2026-01-16 17:44:49] TRIP_STARTED - Trip ID: 8, Driver: David Williams, Car ID: 3, Order: HAZARDOUS -> Chicago, Weight: 4649.21 kg, Status: IN_PROGRESS
[2026-01-16 17:44:55] TRIP_COMPLETED - Trip ID: 8, Driver: David Williams, Car ID: 3, Order: HAZARDOUS -> Chicago, Weight: 4649.21 kg, Status: COMPLETED
  Payment: 929841.75, Car Status: OK
[2026-01-16 17:44:57] TRIP_STARTED - Trip ID: 9, Driver: David Williams, Car ID: 1, Order: HAZARDOUS -> Philadelphia, Weight: 1804.35 kg, Status: IN_PROGRESS
[2026-01-16 17:45:00] BREAKDOWN - Trip ID: 9, Driver: David Williams, Car ID: 1, Order: HAZARDOUS -> Philadelphia, Weight: 1804.35 kg, Status: BROKEN
[2026-01-16 17:45:05] REPAIR_REQUESTED - Trip ID: 9, Driver: David Williams, Car ID: 1, Order: HAZARDOUS -> Philadelphia, Weight: 1804.35 kg, Status: REPAIR_REQUESTED
